{"id":"192.168.50.12.tm155724894171700001","wasCommitted":true,"participants":[{"uri":"192.168.50.12.tm1","state":"COMMITTING","expires":1557248951639,"resourceName":"jmsConnectionFactory"}]}
{"id":"192.168.50.12.tm155724894171700001","wasCommitted":true,"participants":[{"uri":"192.168.50.12.tm1","state":"TERMINATED","expires":1557248952691,"resourceName":"jmsConnectionFactory"}]}
{"id":"192.168.50.12.tm155724894171700002","wasCommitted":true,"participants":[{"uri":"192.168.50.12.tm2","state":"COMMITTING","expires":1557248951753,"resourceName":"jmsConnectionFactory"}]}
{"id":"192.168.50.12.tm155724894171700002","wasCommitted":true,"participants":[{"uri":"192.168.50.12.tm2","state":"TERMINATED","expires":1557248953704,"resourceName":"jmsConnectionFactory"}]}
{"id":"192.168.50.12.tm155724894279200003","wasCommitted":true,"participants":[{"uri":"192.168.50.12.tm3","state":"COMMITTING","expires":1557248952759,"resourceName":"jmsConnectionFactory"}]}
{"id":"192.168.50.12.tm155724894279200003","wasCommitted":true,"participants":[{"uri":"192.168.50.12.tm3","state":"TERMINATED","expires":1557248954709,"resourceName":"jmsConnectionFactory"}]}
{"id":"192.168.50.12.tm155724894380500004","wasCommitted":true,"participants":[{"uri":"192.168.50.12.tm4","state":"COMMITTING","expires":1557248953764,"resourceName":"jmsConnectionFactory"}]}
{"id":"192.168.50.12.tm155724894380500004","wasCommitted":true,"participants":[{"uri":"192.168.50.12.tm4","state":"TERMINATED","expires":1557248955714,"resourceName":"jmsConnectionFactory"}]}
{"id":"192.168.50.12.tm155724894480900005","wasCommitted":true,"participants":[{"uri":"192.168.50.12.tm5","state":"COMMITTING","expires":1557248954767,"resourceName":"jmsConnectionFactory"}]}
{"id":"192.168.50.12.tm155724894480900005","wasCommitted":true,"participants":[{"uri":"192.168.50.12.tm5","state":"TERMINATED","expires":1557248956718,"resourceName":"jmsConnectionFactory"}]}
{"id":"192.168.50.12.tm155724894581500006","wasCommitted":true,"participants":[{"uri":"192.168.50.12.tm6","state":"COMMITTING","expires":1557248955770,"resourceName":"jmsConnectionFactory"}]}
{"id":"192.168.50.12.tm155724894581500006","wasCommitted":true,"participants":[{"uri":"192.168.50.12.tm6","state":"TERMINATED","expires":1557248957721,"resourceName":"jmsConnectionFactory"}]}
{"id":"192.168.50.12.tm155724894681800007","wasCommitted":true,"participants":[{"uri":"192.168.50.12.tm7","state":"COMMITTING","expires":1557248956775,"resourceName":"jmsConnectionFactory"}]}
{"id":"192.168.50.12.tm155724894681800007","wasCommitted":true,"participants":[{"uri":"192.168.50.12.tm7","state":"TERMINATED","expires":1557248958726,"resourceName":"jmsConnectionFactory"}]}
{"id":"192.168.50.12.tm155724894782100008","wasCommitted":true,"participants":[{"uri":"192.168.50.12.tm8","state":"COMMITTING","expires":1557248957778,"resourceName":"jmsConnectionFactory"}]}
{"id":"192.168.50.12.tm155724894782100008","wasCommitted":true,"participants":[{"uri":"192.168.50.12.tm8","state":"TERMINATED","expires":1557248959729,"resourceName":"jmsConnectionFactory"}]}
{"id":"192.168.50.12.tm155724894784100009","wasCommitted":true,"participants":[{"uri":"192.168.50.12.tm9","state":"COMMITTING","expires":1557248957795,"resourceName":"jmsConnectionFactory"}]}
{"id":"192.168.50.12.tm155724894784100009","wasCommitted":true,"participants":[{"uri":"192.168.50.12.tm9","state":"TERMINATED","expires":1557248959748,"resourceName":"jmsConnectionFactory"}]}
{"id":"192.168.50.12.tm155724894882600010","wasCommitted":true,"participants":[{"uri":"192.168.50.12.tm10","state":"COMMITTING","expires":1557248960000,"resourceName":"jmsConnectionFactory"},{"uri":"192.168.50.12.tm11","state":"COMMITTING","expires":1557248960000,"resourceName":"dataSource"}]}
{"id":"192.168.50.12.tm155724894882600010","wasCommitted":true,"participants":[{"uri":"192.168.50.12.tm10","state":"TERMINATED","expires":1557248960058,"resourceName":"jmsConnectionFactory"},{"uri":"192.168.50.12.tm11","state":"TERMINATED","expires":1557248960058,"resourceName":"dataSource"}]}
{"id":"192.168.50.12.tm155724894982900011","wasCommitted":true,"participants":[{"uri":"192.168.50.12.tm12","state":"COMMITTING","expires":1557248959861,"resourceName":"jmsConnectionFactory"}]}
{"id":"192.168.50.12.tm155724894982900011","wasCommitted":true,"participants":[{"uri":"192.168.50.12.tm12","state":"TERMINATED","expires":1557248961062,"resourceName":"jmsConnectionFactory"}]}
{"id":"192.168.50.12.tm155724895015900012","wasCommitted":true,"participants":[{"uri":"192.168.50.12.tm13","state":"COMMITTING","expires":1557248960116,"resourceName":"jmsConnectionFactory"}]}
{"id":"192.168.50.12.tm155724895015900012","wasCommitted":true,"participants":[{"uri":"192.168.50.12.tm13","state":"TERMINATED","expires":1557248962067,"resourceName":"jmsConnectionFactory"}]}
{"id":"192.168.50.12.tm155724895116200013","wasCommitted":true,"participants":[{"uri":"192.168.50.12.tm14","state":"COMMITTING","expires":1557248961122,"resourceName":"jmsConnectionFactory"}]}
{"id":"192.168.50.12.tm155724895116200013","wasCommitted":true,"participants":[{"uri":"192.168.50.12.tm14","state":"TERMINATED","expires":1557248963073,"resourceName":"jmsConnectionFactory"}]}
{"id":"192.168.50.12.tm155724895216700014","wasCommitted":true,"participants":[{"uri":"192.168.50.12.tm15","state":"COMMITTING","expires":1557248962129,"resourceName":"jmsConnectionFactory"}]}
{"id":"192.168.50.12.tm155724895216700014","wasCommitted":true,"participants":[{"uri":"192.168.50.12.tm15","state":"TERMINATED","expires":1557248964079,"resourceName":"jmsConnectionFactory"}]}
{"id":"192.168.50.12.tm155724895317300015","wasCommitted":true,"participants":[{"uri":"192.168.50.12.tm16","state":"COMMITTING","expires":1557248963135,"resourceName":"jmsConnectionFactory"}]}
{"id":"192.168.50.12.tm155724895317300015","wasCommitted":true,"participants":[{"uri":"192.168.50.12.tm16","state":"TERMINATED","expires":1557248965086,"resourceName":"jmsConnectionFactory"}]}
{"id":"192.168.50.12.tm155724895418000016","wasCommitted":true,"participants":[{"uri":"192.168.50.12.tm17","state":"COMMITTING","expires":1557248964140,"resourceName":"jmsConnectionFactory"}]}
{"id":"192.168.50.12.tm155724895418000016","wasCommitted":true,"participants":[{"uri":"192.168.50.12.tm17","state":"TERMINATED","expires":1557248966090,"resourceName":"jmsConnectionFactory"}]}
{"id":"192.168.50.12.tm155724895518700017","wasCommitted":true,"participants":[{"uri":"192.168.50.12.tm18","state":"COMMITTING","expires":1557248965144,"resourceName":"jmsConnectionFactory"}]}
{"id":"192.168.50.12.tm155724895518700017","wasCommitted":true,"participants":[{"uri":"192.168.50.12.tm18","state":"TERMINATED","expires":1557248967095,"resourceName":"jmsConnectionFactory"}]}
{"id":"192.168.50.12.tm155724895619100018","wasCommitted":true,"participants":[{"uri":"192.168.50.12.tm19","state":"COMMITTING","expires":1557248966147,"resourceName":"jmsConnectionFactory"}]}
{"id":"192.168.50.12.tm155724895619100018","wasCommitted":true,"participants":[{"uri":"192.168.50.12.tm19","state":"TERMINATED","expires":1557248968098,"resourceName":"jmsConnectionFactory"}]}
{"id":"192.168.50.12.tm155724895719500019","wasCommitted":true,"participants":[{"uri":"192.168.50.12.tm20","state":"COMMITTING","expires":1557248967151,"resourceName":"jmsConnectionFactory"}]}
{"id":"192.168.50.12.tm155724895719500019","wasCommitted":true,"participants":[{"uri":"192.168.50.12.tm20","state":"TERMINATED","expires":1557248969101,"resourceName":"jmsConnectionFactory"}]}
{"id":"192.168.50.12.tm155724895819800020","wasCommitted":true,"participants":[{"uri":"192.168.50.12.tm21","state":"COMMITTING","expires":1557248968154,"resourceName":"jmsConnectionFactory"}]}
{"id":"192.168.50.12.tm155724895819800020","wasCommitted":true,"participants":[{"uri":"192.168.50.12.tm21","state":"TERMINATED","expires":1557248970106,"resourceName":"jmsConnectionFactory"}]}
{"id":"192.168.50.12.tm155724895920200021","wasCommitted":true,"participants":[{"uri":"192.168.50.12.tm22","state":"COMMITTING","expires":1557248969160,"resourceName":"jmsConnectionFactory"}]}
{"id":"192.168.50.12.tm155724895920200021","wasCommitted":true,"participants":[{"uri":"192.168.50.12.tm22","state":"TERMINATED","expires":1557248971110,"resourceName":"jmsConnectionFactory"}]}
{"id":"192.168.50.12.tm155724896020700022","wasCommitted":true,"participants":[{"uri":"192.168.50.12.tm23","state":"COMMITTING","expires":1557248970163,"resourceName":"jmsConnectionFactory"}]}
{"id":"192.168.50.12.tm155724896020700022","wasCommitted":true,"participants":[{"uri":"192.168.50.12.tm23","state":"TERMINATED","expires":1557248972113,"resourceName":"jmsConnectionFactory"}]}
{"id":"192.168.50.12.tm155724896121000023","wasCommitted":true,"participants":[{"uri":"192.168.50.12.tm24","state":"COMMITTING","expires":1557248971165,"resourceName":"jmsConnectionFactory"}]}
{"id":"192.168.50.12.tm155724896121000023","wasCommitted":true,"participants":[{"uri":"192.168.50.12.tm24","state":"TERMINATED","expires":1557248973116,"resourceName":"jmsConnectionFactory"}]}
{"id":"192.168.50.12.tm155724896221300024","wasCommitted":true,"participants":[{"uri":"192.168.50.12.tm25","state":"COMMITTING","expires":1557248972169,"resourceName":"jmsConnectionFactory"}]}
{"id":"192.168.50.12.tm155724896221300024","wasCommitted":true,"participants":[{"uri":"192.168.50.12.tm25","state":"TERMINATED","expires":1557248974119,"resourceName":"jmsConnectionFactory"}]}
{"id":"192.168.50.12.tm155724896321600025","wasCommitted":true,"participants":[{"uri":"192.168.50.12.tm26","state":"COMMITTING","expires":1557248973173,"resourceName":"jmsConnectionFactory"}]}
{"id":"192.168.50.12.tm155724896321600025","wasCommitted":true,"participants":[{"uri":"192.168.50.12.tm26","state":"TERMINATED","expires":1557248975124,"resourceName":"jmsConnectionFactory"}]}
{"id":"192.168.50.12.tm155724896422000026","wasCommitted":true,"participants":[{"uri":"192.168.50.12.tm27","state":"COMMITTING","expires":1557248974178,"resourceName":"jmsConnectionFactory"}]}
{"id":"192.168.50.12.tm155724896422000026","wasCommitted":true,"participants":[{"uri":"192.168.50.12.tm27","state":"TERMINATED","expires":1557248976128,"resourceName":"jmsConnectionFactory"}]}
{"id":"192.168.50.12.tm155724896522400027","wasCommitted":true,"participants":[{"uri":"192.168.50.12.tm28","state":"COMMITTING","expires":1557248975182,"resourceName":"jmsConnectionFactory"}]}
{"id":"192.168.50.12.tm155724896522400027","wasCommitted":true,"participants":[{"uri":"192.168.50.12.tm28","state":"TERMINATED","expires":1557248977132,"resourceName":"jmsConnectionFactory"}]}
{"id":"192.168.50.12.tm155724896622900028","wasCommitted":true,"participants":[{"uri":"192.168.50.12.tm29","state":"COMMITTING","expires":1557248976185,"resourceName":"jmsConnectionFactory"}]}
{"id":"192.168.50.12.tm155724896622900028","wasCommitted":true,"participants":[{"uri":"192.168.50.12.tm29","state":"TERMINATED","expires":1557248978135,"resourceName":"jmsConnectionFactory"}]}
{"id":"192.168.50.12.tm155724896723200029","wasCommitted":true,"participants":[{"uri":"192.168.50.12.tm30","state":"COMMITTING","expires":1557248977189,"resourceName":"jmsConnectionFactory"}]}
{"id":"192.168.50.12.tm155724896723200029","wasCommitted":true,"participants":[{"uri":"192.168.50.12.tm30","state":"TERMINATED","expires":1557248979140,"resourceName":"jmsConnectionFactory"}]}
{"id":"192.168.50.12.tm155724896823500030","wasCommitted":true,"participants":[{"uri":"192.168.50.12.tm31","state":"COMMITTING","expires":1557248978192,"resourceName":"jmsConnectionFactory"}]}
{"id":"192.168.50.12.tm155724896823500030","wasCommitted":true,"participants":[{"uri":"192.168.50.12.tm31","state":"TERMINATED","expires":1557248980143,"resourceName":"jmsConnectionFactory"}]}
{"id":"192.168.50.12.tm155724896924000031","wasCommitted":true,"participants":[{"uri":"192.168.50.12.tm32","state":"COMMITTING","expires":1557248979195,"resourceName":"jmsConnectionFactory"}]}
{"id":"192.168.50.12.tm155724896924000031","wasCommitted":true,"participants":[{"uri":"192.168.50.12.tm32","state":"TERMINATED","expires":1557248981145,"resourceName":"jmsConnectionFactory"}]}
{"id":"192.168.50.12.tm155724897024300032","wasCommitted":true,"participants":[{"uri":"192.168.50.12.tm33","state":"COMMITTING","expires":1557248980197,"resourceName":"jmsConnectionFactory"}]}
{"id":"192.168.50.12.tm155724897024300032","wasCommitted":true,"participants":[{"uri":"192.168.50.12.tm33","state":"TERMINATED","expires":1557248982148,"resourceName":"jmsConnectionFactory"}]}
{"id":"192.168.50.12.tm155724897124500033","wasCommitted":true,"participants":[{"uri":"192.168.50.12.tm34","state":"COMMITTING","expires":1557248981200,"resourceName":"jmsConnectionFactory"}]}
{"id":"192.168.50.12.tm155724897124500033","wasCommitted":true,"participants":[{"uri":"192.168.50.12.tm34","state":"TERMINATED","expires":1557248983151,"resourceName":"jmsConnectionFactory"}]}
{"id":"192.168.50.12.tm155724897224800034","wasCommitted":true,"participants":[{"uri":"192.168.50.12.tm35","state":"COMMITTING","expires":1557248982204,"resourceName":"jmsConnectionFactory"}]}
{"id":"192.168.50.12.tm155724897224800034","wasCommitted":true,"participants":[{"uri":"192.168.50.12.tm35","state":"TERMINATED","expires":1557248984154,"resourceName":"jmsConnectionFactory"}]}
{"id":"192.168.50.12.tm155724897325100035","wasCommitted":true,"participants":[{"uri":"192.168.50.12.tm36","state":"COMMITTING","expires":1557248983206,"resourceName":"jmsConnectionFactory"}]}
{"id":"192.168.50.12.tm155724897325100035","wasCommitted":true,"participants":[{"uri":"192.168.50.12.tm36","state":"TERMINATED","expires":1557248985157,"resourceName":"jmsConnectionFactory"}]}
{"id":"192.168.50.12.tm155724897425500036","wasCommitted":true,"participants":[{"uri":"192.168.50.12.tm37","state":"COMMITTING","expires":1557248984209,"resourceName":"jmsConnectionFactory"}]}
{"id":"192.168.50.12.tm155724897425500036","wasCommitted":true,"participants":[{"uri":"192.168.50.12.tm37","state":"TERMINATED","expires":1557248986160,"resourceName":"jmsConnectionFactory"}]}
{"id":"192.168.50.12.tm155724897525700037","wasCommitted":true,"participants":[{"uri":"192.168.50.12.tm38","state":"COMMITTING","expires":1557248985212,"resourceName":"jmsConnectionFactory"}]}
{"id":"192.168.50.12.tm155724897525700037","wasCommitted":true,"participants":[{"uri":"192.168.50.12.tm38","state":"TERMINATED","expires":1557248987162,"resourceName":"jmsConnectionFactory"}]}
{"id":"192.168.50.12.tm155724897626000038","wasCommitted":true,"participants":[{"uri":"192.168.50.12.tm39","state":"COMMITTING","expires":1557248986215,"resourceName":"jmsConnectionFactory"}]}
{"id":"192.168.50.12.tm155724897626000038","wasCommitted":true,"participants":[{"uri":"192.168.50.12.tm39","state":"TERMINATED","expires":1557248988166,"resourceName":"jmsConnectionFactory"}]}
{"id":"192.168.50.12.tm155724897688300039","wasCommitted":true,"participants":[{"uri":"192.168.50.12.tm40","state":"COMMITTING","expires":1557248986820,"resourceName":"jmsConnectionFactory"}]}
{"id":"192.168.50.12.tm155724897688300039","wasCommitted":true,"participants":[{"uri":"192.168.50.12.tm40","state":"TERMINATED","expires":1557248988172,"resourceName":"jmsConnectionFactory"}]}
{"id":"192.168.50.12.tm155724897726200040","wasCommitted":true,"participants":[{"uri":"192.168.50.12.tm41","state":"COMMITTING","expires":1557248987225,"resourceName":"jmsConnectionFactory"}]}
{"id":"192.168.50.12.tm155724897726200040","wasCommitted":true,"participants":[{"uri":"192.168.50.12.tm41","state":"TERMINATED","expires":1557248989176,"resourceName":"jmsConnectionFactory"}]}
{"id":"192.168.50.12.tm155724897826600041","wasCommitted":true,"participants":[{"uri":"192.168.50.12.tm42","state":"COMMITTING","expires":1557248988228,"resourceName":"jmsConnectionFactory"}]}
{"id":"192.168.50.12.tm155724897826600041","wasCommitted":true,"participants":[{"uri":"192.168.50.12.tm42","state":"TERMINATED","expires":1557248990179,"resourceName":"jmsConnectionFactory"}]}
{"id":"192.168.50.12.tm155724897927600042","wasCommitted":true,"participants":[{"uri":"192.168.50.12.tm43","state":"COMMITTING","expires":1557248989233,"resourceName":"jmsConnectionFactory"}]}
{"id":"192.168.50.12.tm155724897927600042","wasCommitted":true,"participants":[{"uri":"192.168.50.12.tm43","state":"TERMINATED","expires":1557248991183,"resourceName":"jmsConnectionFactory"}]}
{"id":"192.168.50.12.tm155724898027900043","wasCommitted":true,"participants":[{"uri":"192.168.50.12.tm44","state":"COMMITTING","expires":1557248990235,"resourceName":"jmsConnectionFactory"}]}
{"id":"192.168.50.12.tm155724898027900043","wasCommitted":true,"participants":[{"uri":"192.168.50.12.tm44","state":"TERMINATED","expires":1557248992185,"resourceName":"jmsConnectionFactory"}]}
{"id":"192.168.50.12.tm155724898128300044","wasCommitted":true,"participants":[{"uri":"192.168.50.12.tm45","state":"COMMITTING","expires":1557248991236,"resourceName":"jmsConnectionFactory"}]}
{"id":"192.168.50.12.tm155724898128300044","wasCommitted":true,"participants":[{"uri":"192.168.50.12.tm45","state":"TERMINATED","expires":1557248993187,"resourceName":"jmsConnectionFactory"}]}
{"id":"192.168.50.12.tm155724898228600045","wasCommitted":true,"participants":[{"uri":"192.168.50.12.tm46","state":"COMMITTING","expires":1557248992239,"resourceName":"jmsConnectionFactory"}]}
{"id":"192.168.50.12.tm155724898228600045","wasCommitted":true,"participants":[{"uri":"192.168.50.12.tm46","state":"TERMINATED","expires":1557248994189,"resourceName":"jmsConnectionFactory"}]}
{"id":"192.168.50.12.tm155724898328700046","wasCommitted":true,"participants":[{"uri":"192.168.50.12.tm47","state":"COMMITTING","expires":1557248993240,"resourceName":"jmsConnectionFactory"}]}
{"id":"192.168.50.12.tm155724898328700046","wasCommitted":true,"participants":[{"uri":"192.168.50.12.tm47","state":"TERMINATED","expires":1557248995191,"resourceName":"jmsConnectionFactory"}]}
{"id":"192.168.50.12.tm155724898429000047","wasCommitted":true,"participants":[{"uri":"192.168.50.12.tm48","state":"COMMITTING","expires":1557248994242,"resourceName":"jmsConnectionFactory"}]}
{"id":"192.168.50.12.tm155724898429000047","wasCommitted":true,"participants":[{"uri":"192.168.50.12.tm48","state":"TERMINATED","expires":1557248996193,"resourceName":"jmsConnectionFactory"}]}
{"id":"192.168.50.12.tm155724898525700048","wasCommitted":true,"participants":[{"uri":"192.168.50.12.tm49","state":"COMMITTING","expires":1557248995298,"resourceName":"jmsConnectionFactory"}]}
{"id":"192.168.50.12.tm155724898525700048","wasCommitted":true,"participants":[{"uri":"192.168.50.12.tm49","state":"TERMINATED","expires":1557248996199,"resourceName":"jmsConnectionFactory"}]}
{"id":"192.168.50.12.tm155724898529100049","wasCommitted":true,"participants":[{"uri":"192.168.50.12.tm50","state":"COMMITTING","expires":1557248996205,"resourceName":"jmsConnectionFactory"},{"uri":"192.168.50.12.tm51","state":"COMMITTING","expires":1557248996205,"resourceName":"dataSource"}]}
{"id":"192.168.50.12.tm155724898529100049","wasCommitted":true,"participants":[{"uri":"192.168.50.12.tm50","state":"TERMINATED","expires":1557248996255,"resourceName":"jmsConnectionFactory"},{"uri":"192.168.50.12.tm51","state":"TERMINATED","expires":1557248996255,"resourceName":"dataSource"}]}
{"id":"192.168.50.12.tm155724898629300050","wasCommitted":true,"participants":[{"uri":"192.168.50.12.tm52","state":"COMMITTING","expires":1557248996206,"resourceName":"jmsConnectionFactory"}]}
{"id":"192.168.50.12.tm155724898629300050","wasCommitted":true,"participants":[{"uri":"192.168.50.12.tm52","state":"TERMINATED","expires":1557248997257,"resourceName":"jmsConnectionFactory"}]}
{"id":"192.168.50.12.tm155724898635500051","wasCommitted":true,"participants":[{"uri":"192.168.50.12.tm53","state":"COMMITTING","expires":1557248996308,"resourceName":"jmsConnectionFactory"}]}
{"id":"192.168.50.12.tm155724898635500051","wasCommitted":true,"participants":[{"uri":"192.168.50.12.tm53","state":"TERMINATED","expires":1557248998259,"resourceName":"jmsConnectionFactory"}]}
{"id":"192.168.50.12.tm155724898735700052","wasCommitted":true,"participants":[{"uri":"192.168.50.12.tm54","state":"COMMITTING","expires":1557248997310,"resourceName":"jmsConnectionFactory"}]}
{"id":"192.168.50.12.tm155724898735700052","wasCommitted":true,"participants":[{"uri":"192.168.50.12.tm54","state":"TERMINATED","expires":1557248999261,"resourceName":"jmsConnectionFactory"}]}
{"id":"192.168.50.12.tm155724898835900053","wasCommitted":true,"participants":[{"uri":"192.168.50.12.tm55","state":"COMMITTING","expires":1557248998313,"resourceName":"jmsConnectionFactory"}]}
{"id":"192.168.50.12.tm155724898835900053","wasCommitted":true,"participants":[{"uri":"192.168.50.12.tm55","state":"TERMINATED","expires":1557249000264,"resourceName":"jmsConnectionFactory"}]}
{"id":"192.168.50.12.tm155724898936100054","wasCommitted":true,"participants":[{"uri":"192.168.50.12.tm56","state":"COMMITTING","expires":1557248999315,"resourceName":"jmsConnectionFactory"}]}
{"id":"192.168.50.12.tm155724898936100054","wasCommitted":true,"participants":[{"uri":"192.168.50.12.tm56","state":"TERMINATED","expires":1557249001265,"resourceName":"jmsConnectionFactory"}]}
{"id":"192.168.50.12.tm155724899036400055","wasCommitted":true,"participants":[{"uri":"192.168.50.12.tm57","state":"COMMITTING","expires":1557249000317,"resourceName":"jmsConnectionFactory"}]}
{"id":"192.168.50.12.tm155724899036400055","wasCommitted":true,"participants":[{"uri":"192.168.50.12.tm57","state":"TERMINATED","expires":1557249002267,"resourceName":"jmsConnectionFactory"}]}
{"id":"192.168.50.12.tm155724899136600056","wasCommitted":true,"participants":[{"uri":"192.168.50.12.tm58","state":"COMMITTING","expires":1557249001319,"resourceName":"jmsConnectionFactory"}]}
{"id":"192.168.50.12.tm155724899136600056","wasCommitted":true,"participants":[{"uri":"192.168.50.12.tm58","state":"TERMINATED","expires":1557249003270,"resourceName":"jmsConnectionFactory"}]}
{"id":"192.168.50.12.tm155724899236800057","wasCommitted":true,"participants":[{"uri":"192.168.50.12.tm59","state":"COMMITTING","expires":1557249002321,"resourceName":"jmsConnectionFactory"}]}
{"id":"192.168.50.12.tm155724899236800057","wasCommitted":true,"participants":[{"uri":"192.168.50.12.tm59","state":"TERMINATED","expires":1557249004272,"resourceName":"jmsConnectionFactory"}]}
{"id":"192.168.50.12.tm155724899337000058","wasCommitted":true,"participants":[{"uri":"192.168.50.12.tm60","state":"COMMITTING","expires":1557249003324,"resourceName":"jmsConnectionFactory"}]}
{"id":"192.168.50.12.tm155724899337000058","wasCommitted":true,"participants":[{"uri":"192.168.50.12.tm60","state":"TERMINATED","expires":1557249005275,"resourceName":"jmsConnectionFactory"}]}
{"id":"192.168.50.12.tm155724899437200059","wasCommitted":true,"participants":[{"uri":"192.168.50.12.tm61","state":"COMMITTING","expires":1557249004327,"resourceName":"jmsConnectionFactory"}]}
{"id":"192.168.50.12.tm155724899437200059","wasCommitted":true,"participants":[{"uri":"192.168.50.12.tm61","state":"TERMINATED","expires":1557249006277,"resourceName":"jmsConnectionFactory"}]}
{"id":"192.168.50.12.tm155724899537500060","wasCommitted":true,"participants":[{"uri":"192.168.50.12.tm62","state":"COMMITTING","expires":1557249005330,"resourceName":"jmsConnectionFactory"}]}
{"id":"192.168.50.12.tm155724899537500060","wasCommitted":true,"participants":[{"uri":"192.168.50.12.tm62","state":"TERMINATED","expires":1557249007280,"resourceName":"jmsConnectionFactory"}]}
{"id":"192.168.50.12.tm155724899594200061","wasCommitted":true,"participants":[{"uri":"192.168.50.12.tm63","state":"COMMITTING","expires":1557249005932,"resourceName":"jmsConnectionFactory"}]}
{"id":"192.168.50.12.tm155724899594200061","wasCommitted":true,"participants":[{"uri":"192.168.50.12.tm63","state":"TERMINATED","expires":1557249007283,"resourceName":"jmsConnectionFactory"}]}
{"id":"192.168.50.12.tm155724899637800062","wasCommitted":true,"participants":[{"uri":"192.168.50.12.tm64","state":"COMMITTING","expires":1557249006354,"resourceName":"jmsConnectionFactory"}]}
{"id":"192.168.50.12.tm155724899637800062","wasCommitted":true,"participants":[{"uri":"192.168.50.12.tm64","state":"TERMINATED","expires":1557249008306,"resourceName":"jmsConnectionFactory"}]}
{"id":"192.168.50.12.tm155724899738100063","wasCommitted":true,"participants":[{"uri":"192.168.50.12.tm65","state":"COMMITTING","expires":1557249007362,"resourceName":"jmsConnectionFactory"}]}
{"id":"192.168.50.12.tm155724899738100063","wasCommitted":true,"participants":[{"uri":"192.168.50.12.tm65","state":"TERMINATED","expires":1557249009313,"resourceName":"jmsConnectionFactory"}]}
{"id":"192.168.50.12.tm155724899840700064","wasCommitted":true,"participants":[{"uri":"192.168.50.12.tm66","state":"COMMITTING","expires":1557249008364,"resourceName":"jmsConnectionFactory"}]}
{"id":"192.168.50.12.tm155724899840700064","wasCommitted":true,"participants":[{"uri":"192.168.50.12.tm66","state":"TERMINATED","expires":1557249010315,"resourceName":"jmsConnectionFactory"}]}
{"id":"192.168.50.12.tm155724899941300065","wasCommitted":true,"participants":[{"uri":"192.168.50.12.tm67","state":"COMMITTING","expires":1557249009367,"resourceName":"jmsConnectionFactory"}]}
{"id":"192.168.50.12.tm155724899941300065","wasCommitted":true,"participants":[{"uri":"192.168.50.12.tm67","state":"TERMINATED","expires":1557249011318,"resourceName":"jmsConnectionFactory"}]}
{"id":"192.168.50.12.tm155724900041500066","wasCommitted":true,"participants":[{"uri":"192.168.50.12.tm68","state":"COMMITTING","expires":1557249010370,"resourceName":"jmsConnectionFactory"}]}
{"id":"192.168.50.12.tm155724900041500066","wasCommitted":true,"participants":[{"uri":"192.168.50.12.tm68","state":"TERMINATED","expires":1557249012321,"resourceName":"jmsConnectionFactory"}]}
{"id":"192.168.50.12.tm155724900141800067","wasCommitted":true,"participants":[{"uri":"192.168.50.12.tm69","state":"COMMITTING","expires":1557249011372,"resourceName":"jmsConnectionFactory"}]}
{"id":"192.168.50.12.tm155724900141800067","wasCommitted":true,"participants":[{"uri":"192.168.50.12.tm69","state":"TERMINATED","expires":1557249013323,"resourceName":"jmsConnectionFactory"}]}
{"id":"192.168.50.12.tm155724900242100068","wasCommitted":true,"participants":[{"uri":"192.168.50.12.tm70","state":"COMMITTING","expires":1557249012374,"resourceName":"jmsConnectionFactory"}]}
{"id":"192.168.50.12.tm155724900242100068","wasCommitted":true,"participants":[{"uri":"192.168.50.12.tm70","state":"TERMINATED","expires":1557249014324,"resourceName":"jmsConnectionFactory"}]}
{"id":"192.168.50.12.tm155724900342300069","wasCommitted":true,"participants":[{"uri":"192.168.50.12.tm71","state":"COMMITTING","expires":1557249013376,"resourceName":"jmsConnectionFactory"}]}
{"id":"192.168.50.12.tm155724900342300069","wasCommitted":true,"participants":[{"uri":"192.168.50.12.tm71","state":"TERMINATED","expires":1557249015326,"resourceName":"jmsConnectionFactory"}]}
{"id":"192.168.50.12.tm155724900442400070","wasCommitted":true,"participants":[{"uri":"192.168.50.12.tm72","state":"COMMITTING","expires":1557249014378,"resourceName":"jmsConnectionFactory"}]}
{"id":"192.168.50.12.tm155724900442400070","wasCommitted":true,"participants":[{"uri":"192.168.50.12.tm72","state":"TERMINATED","expires":1557249016328,"resourceName":"jmsConnectionFactory"}]}
{"id":"192.168.50.12.tm155724900514300071","wasCommitted":true,"participants":[{"uri":"192.168.50.12.tm73","state":"COMMITTING","expires":1557249015131,"resourceName":"jmsConnectionFactory"}]}
{"id":"192.168.50.12.tm155724900514300071","wasCommitted":true,"participants":[{"uri":"192.168.50.12.tm73","state":"TERMINATED","expires":1557249016332,"resourceName":"jmsConnectionFactory"}]}
{"id":"192.168.50.12.tm155724900542600072","wasCommitted":false,"participants":[{"uri":"192.168.50.12.tm74","state":"TERMINATED","expires":1557249016351,"resourceName":"jmsConnectionFactory"},{"uri":"192.168.50.12.tm75","state":"TERMINATED","expires":1557249016351,"resourceName":"dataSource"}]}
{"id":"192.168.50.12.tm155724900642900073","wasCommitted":true,"participants":[{"uri":"192.168.50.12.tm76","state":"COMMITTING","expires":1557249016454,"resourceName":"jmsConnectionFactory"}]}
{"id":"192.168.50.12.tm155724900642900073","wasCommitted":true,"participants":[{"uri":"192.168.50.12.tm76","state":"TERMINATED","expires":1557249017354,"resourceName":"jmsConnectionFactory"}]}
{"id":"192.168.50.12.tm155724900745500074","wasCommitted":true,"participants":[{"uri":"192.168.50.12.tm77","state":"COMMITTING","expires":1557249017456,"resourceName":"jmsConnectionFactory"}]}
{"id":"192.168.50.12.tm155724900745500074","wasCommitted":true,"participants":[{"uri":"192.168.50.12.tm77","state":"TERMINATED","expires":1557249018356,"resourceName":"jmsConnectionFactory"}]}
{"id":"192.168.50.12.tm155724900745600075","wasCommitted":false,"participants":[{"uri":"192.168.50.12.tm78","state":"TERMINATED","expires":1557249018363,"resourceName":"jmsConnectionFactory"},{"uri":"192.168.50.12.tm79","state":"TERMINATED","expires":1557249018363,"resourceName":"dataSource"}]}
{"id":"192.168.50.12.tm155724900845700076","wasCommitted":true,"participants":[{"uri":"192.168.50.12.tm80","state":"COMMITTING","expires":1557249018465,"resourceName":"jmsConnectionFactory"}]}
{"id":"192.168.50.12.tm155724900845700076","wasCommitted":true,"participants":[{"uri":"192.168.50.12.tm80","state":"TERMINATED","expires":1557249019365,"resourceName":"jmsConnectionFactory"}]}
{"id":"192.168.50.12.tm155724900946500077","wasCommitted":true,"participants":[{"uri":"192.168.50.12.tm81","state":"COMMITTING","expires":1557249019467,"resourceName":"jmsConnectionFactory"}]}
{"id":"192.168.50.12.tm155724900946500077","wasCommitted":true,"participants":[{"uri":"192.168.50.12.tm81","state":"TERMINATED","expires":1557249020368,"resourceName":"jmsConnectionFactory"}]}
{"id":"192.168.50.12.tm155724901046800078","wasCommitted":true,"participants":[{"uri":"192.168.50.12.tm82","state":"COMMITTING","expires":1557249020470,"resourceName":"jmsConnectionFactory"}]}
{"id":"192.168.50.12.tm155724901046800078","wasCommitted":true,"participants":[{"uri":"192.168.50.12.tm82","state":"TERMINATED","expires":1557249021371,"resourceName":"jmsConnectionFactory"}]}
{"id":"192.168.50.12.tm155724901147100079","wasCommitted":true,"participants":[{"uri":"192.168.50.12.tm83","state":"COMMITTING","expires":1557249021474,"resourceName":"jmsConnectionFactory"}]}
{"id":"192.168.50.12.tm155724901147100079","wasCommitted":true,"participants":[{"uri":"192.168.50.12.tm83","state":"TERMINATED","expires":1557249022374,"resourceName":"jmsConnectionFactory"}]}
{"id":"192.168.50.12.tm155724901247400080","wasCommitted":true,"participants":[{"uri":"192.168.50.12.tm84","state":"COMMITTING","expires":1557249022476,"resourceName":"jmsConnectionFactory"}]}
{"id":"192.168.50.12.tm155724901247400080","wasCommitted":true,"participants":[{"uri":"192.168.50.12.tm84","state":"TERMINATED","expires":1557249023376,"resourceName":"jmsConnectionFactory"}]}
{"id":"192.168.50.12.tm155724901347700081","wasCommitted":true,"participants":[{"uri":"192.168.50.12.tm85","state":"COMMITTING","expires":1557249023478,"resourceName":"jmsConnectionFactory"}]}
{"id":"192.168.50.12.tm155724901347700081","wasCommitted":true,"participants":[{"uri":"192.168.50.12.tm85","state":"TERMINATED","expires":1557249024378,"resourceName":"jmsConnectionFactory"}]}
{"id":"192.168.50.12.tm155724901347800082","wasCommitted":false,"participants":[{"uri":"192.168.50.12.tm86","state":"TERMINATED","expires":1557249024386,"resourceName":"jmsConnectionFactory"},{"uri":"192.168.50.12.tm87","state":"TERMINATED","expires":1557249024386,"resourceName":"dataSource"}]}
{"id":"192.168.50.12.tm155724901447900083","wasCommitted":true,"participants":[{"uri":"192.168.50.12.tm88","state":"COMMITTING","expires":1557249024487,"resourceName":"jmsConnectionFactory"}]}
{"id":"192.168.50.12.tm155724901447900083","wasCommitted":true,"participants":[{"uri":"192.168.50.12.tm88","state":"TERMINATED","expires":1557249025388,"resourceName":"jmsConnectionFactory"}]}
{"id":"192.168.50.12.tm155724901548800084","wasCommitted":true,"participants":[{"uri":"192.168.50.12.tm89","state":"COMMITTING","expires":1557249025490,"resourceName":"jmsConnectionFactory"}]}
{"id":"192.168.50.12.tm155724901548800084","wasCommitted":true,"participants":[{"uri":"192.168.50.12.tm89","state":"TERMINATED","expires":1557249026391,"resourceName":"jmsConnectionFactory"}]}
